# JRE version: Java(TM) SE Runtime Environment (21.0.7+8) (build 21.0.7+8-LTS-245)
# Java VM: Java HotSpot(TM) 64-Bit Server VM (21.0.7+8-LTS-245, mixed mode, emulated-client, sharing, tiered, compressed oops, compressed class ptrs, g1 gc, windows-amd64)
GC Precious Log:
 CardTable entry size: 512
 Card Set container configuration: InlinePtr #cards 5 size 8 Array Of Cards #cards 12 size 40 Howl #buckets 4 coarsen threshold 1843 Howl Bitmap #cards 512 size 80 coarsen threshold 460 Card regions per heap region 1 cards per card region 2048
 CPUs: 8 total, 8 available
 Memory: 5965M
 Large Page Support: Disabled
 NUMA Support: Disabled
 Compressed Oops: Enabled (32-bit)
 Heap Region Size: 1M
 Heap Min Capacity: 8M
 Heap Initial Capacity: 94M
 Heap Max Capacity: 1492M
 Pre-touch: Disabled
 Parallel Workers: 8
 Concurrent Workers: 2
 Concurrent Refinement Workers: 8
 Periodic GC: Disabled
Heap:
 garbage-first heap   total 65536K, used 56209K [0x00000000a2c00000, 0x0000000100000000)
  region size 1024K, 28 young (28672K), 2 survivors (2048K)
 Metaspace       used 80262K, committed 81024K, reserved 1179648K
  class space    used 11180K, committed 11520K, reserved 1048576K
GC Heap History (20 events):
Event: 1109.866 GC heap after
{Heap after GC invocations=34 (full 1):
 garbage-first heap   total 63488K, used 32811K [0x00000000a2c00000, 0x0000000100000000)
  region size 1024K, 3 young (3072K), 3 survivors (3072K)
 Metaspace       used 80081K, committed 80832K, reserved 1179648K
  class space    used 11157K, committed 11520K, reserved 1048576K
}
Event: 1110.203 GC heap before
{Heap before GC invocations=34 (full 1):
 garbage-first heap   total 63488K, used 53291K [0x00000000a2c00000, 0x0000000100000000)
  region size 1024K, 23 young (23552K), 3 survivors (3072K)
 Metaspace       used 80156K, committed 80896K, reserved 1179648K
  class space    used 11172K, committed 11520K, reserved 1048576K
}
Event: 1110.207 GC heap after
{Heap after GC invocations=35 (full 1):
 garbage-first heap   total 63488K, used 34204K [0x00000000a2c00000, 0x0000000100000000)
  region size 1024K, 2 young (2048K), 2 survivors (2048K)
 Metaspace       used 80156K, committed 80896K, reserved 1179648K
  class space    used 11172K, committed 11520K, reserved 1048576K
}
Event: 1169.554 GC heap before
{Heap before GC invocations=36 (full 1):
 garbage-first heap   total 65536K, used 54684K [0x00000000a2c00000, 0x0000000100000000)
  region size 1024K, 22 young (22528K), 2 survivors (2048K)
 Metaspace       used 80200K, committed 80960K, reserved 1179648K
  class space    used 11184K, committed 11520K, reserved 1048576K
}
Event: 1169.665 GC heap after
{Heap after GC invocations=37 (full 1):
 garbage-first heap   total 65536K, used 35426K [0x00000000a2c00000, 0x0000000100000000)
  region size 1024K, 3 young (3072K), 3 survivors (3072K)
 Metaspace       used 80200K, committed 80960K, reserved 1179648K
  class space    used 11184K, committed 11520K, reserved 1048576K
}
Event: 1633.390 GC heap before
{Heap before GC invocations=37 (full 1):
 garbage-first heap   total 65536K, used 55906K [0x00000000a2c00000, 0x0000000100000000)
  region size 1024K, 23 young (23552K), 3 survivors (3072K)
 Metaspace       used 80210K, committed 80960K, reserved 1179648K
  class space    used 11185K, committed 11520K, reserved 1048576K
}
Event: 1633.545 GC heap after
{Heap after GC invocations=38 (full 1):
 garbage-first heap   total 65536K, used 35258K [0x00000000a2c00000, 0x0000000100000000)
  region size 1024K, 2 young (2048K), 2 survivors (2048K)
 Metaspace       used 80210K, committed 80960K, reserved 1179648K
  class space    used 11185K, committed 11520K, reserved 1048576K
}
Event: 2147.764 GC heap before
{Heap before GC invocations=38 (full 1):
 garbage-first heap   total 65536K, used 57786K [0x00000000a2c00000, 0x0000000100000000)
  region size 1024K, 24 young (24576K), 2 survivors (2048K)
 Metaspace       used 80210K, committed 80960K, reserved 1179648K
  class space    used 11185K, committed 11520K, reserved 1048576K
}
Event: 2147.902 GC heap after
{Heap after GC invocations=39 (full 1):
 garbage-first heap   total 65536K, used 35322K [0x00000000a2c00000, 0x0000000100000000)
  region size 1024K, 2 young (2048K), 2 survivors (2048K)
 Metaspace       used 80210K, committed 80960K, reserved 1179648K
  class space    used 11185K, committed 11520K, reserved 1048576K
}
Event: 2618.699 GC heap before
{Heap before GC invocations=40 (full 1):
 garbage-first heap   total 65536K, used 57850K [0x00000000a2c00000, 0x0000000100000000)
  region size 1024K, 24 young (24576K), 2 survivors (2048K)
 Metaspace       used 80021K, committed 80960K, reserved 1179648K
  class space    used 11136K, committed 11520K, reserved 1048576K
}
Event: 2618.783 GC heap after
{Heap after GC invocations=41 (full 1):
 garbage-first heap   total 65536K, used 35030K [0x00000000a2c00000, 0x0000000100000000)
  region size 1024K, 2 young (2048K), 2 survivors (2048K)
 Metaspace       used 80021K, committed 80960K, reserved 1179648K
  class space    used 11136K, committed 11520K, reserved 1048576K
}
Event: 3045.443 GC heap before
{Heap before GC invocations=41 (full 1):
 garbage-first heap   total 65536K, used 57558K [0x00000000a2c00000, 0x0000000100000000)
  region size 1024K, 24 young (24576K), 2 survivors (2048K)
 Metaspace       used 80023K, committed 80960K, reserved 1179648K
  class space    used 11137K, committed 11520K, reserved 1048576K
}
Event: 3045.605 GC heap after
{Heap after GC invocations=42 (full 1):
 garbage-first heap   total 65536K, used 31535K [0x00000000a2c00000, 0x0000000100000000)
  region size 1024K, 2 young (2048K), 2 survivors (2048K)
 Metaspace       used 80023K, committed 80960K, reserved 1179648K
  class space    used 11137K, committed 11520K, reserved 1048576K
}
Event: 3664.798 GC heap before
{Heap before GC invocations=42 (full 1):
 garbage-first heap   total 65536K, used 57135K [0x00000000a2c00000, 0x0000000100000000)
  region size 1024K, 28 young (28672K), 2 survivors (2048K)
 Metaspace       used 80023K, committed 80960K, reserved 1179648K
  class space    used 11137K, committed 11520K, reserved 1048576K
}
Event: 3664.905 GC heap after
{Heap after GC invocations=43 (full 1):
 garbage-first heap   total 65536K, used 30621K [0x00000000a2c00000, 0x0000000100000000)
  region size 1024K, 2 young (2048K), 2 survivors (2048K)
 Metaspace       used 80023K, committed 80960K, reserved 1179648K
  class space    used 11137K, committed 11520K, reserved 1048576K
}
Event: 4260.826 GC heap before
{Heap before GC invocations=43 (full 1):
 garbage-first heap   total 65536K, used 58269K [0x00000000a2c00000, 0x0000000100000000)
  region size 1024K, 29 young (29696K), 2 survivors (2048K)
 Metaspace       used 80024K, committed 80960K, reserved 1179648K
  class space    used 11137K, committed 11520K, reserved 1048576K
}
Event: 4260.946 GC heap after
{Heap after GC invocations=44 (full 1):
 garbage-first heap   total 65536K, used 30552K [0x00000000a2c00000, 0x0000000100000000)
  region size 1024K, 2 young (2048K), 2 survivors (2048K)
 Metaspace       used 80024K, committed 80960K, reserved 1179648K
  class space    used 11137K, committed 11520K, reserved 1048576K
}
Event: 4801.239 GC heap before
{Heap before GC invocations=45 (full 1):
 garbage-first heap   total 65536K, used 58200K [0x00000000a2c00000, 0x0000000100000000)
  region size 1024K, 29 young (29696K), 2 survivors (2048K)
 Metaspace       used 80024K, committed 80960K, reserved 1179648K
  class space    used 11137K, committed 11520K, reserved 1048576K
}
Event: 4801.409 GC heap after
{Heap after GC invocations=46 (full 1):
 garbage-first heap   total 65536K, used 30609K [0x00000000a2c00000, 0x0000000100000000)
  region size 1024K, 2 young (2048K), 2 survivors (2048K)
 Metaspace       used 80024K, committed 80960K, reserved 1179648K
  class space    used 11137K, committed 11520K, reserved 1048576K
}
Event: 5355.209 GC heap before
{Heap before GC invocations=46 (full 1):
 garbage-first heap   total 65536K, used 56209K [0x00000000a2c00000, 0x0000000100000000)
  region size 1024K, 28 young (28672K), 2 survivors (2048K)
 Metaspace       used 80262K, committed 81024K, reserved 1179648K
  class space    used 11180K, committed 11520K, reserved 1048576K
}

